Flow report for music
Sun May 13 17:28:05 2018
Quartus II 32-bit Version 13.0.0 Build 156 04/24/2013 SJ Web Edition


---------------------
; Table of Contents ;
---------------------
  1. Legal Notice
  2. Flow Summary
  3. Flow Settings
  4. Flow Non-Default Global Settings
  5. Flow Elapsed Time
  6. Flow OS Summary
  7. Flow Log
  8. Flow Messages
  9. Flow Suppressed Messages



----------------
; Legal Notice ;
----------------
Copyright (C) 1991-2013 Altera Corporation
Your use of Altera Corporation's design tools, logic functions 
and other software and tools, and its AMPP partner logic 
functions, and any output files from any of the foregoing 
(including device programming or simulation files), and any 
associated documentation or information are expressly subject 
to the terms and conditions of the Altera Program License 
Subscription Agreement, Altera MegaCore Function License 
Agreement, or other applicable license agreement, including, 
without limitation, that your use is for the sole purpose of 
programming logic devices manufactured by Altera and sold by 
Altera or its authorized distributors.  Please refer to the 
applicable agreement for further details.



+---------------------------------------------------------------------------------+
; Flow Summary                                                                    ;
+------------------------------------+--------------------------------------------+
; Flow Status                        ; Successful - Sun May 13 17:28:05 2018      ;
; Quartus II 32-bit Version          ; 13.0.0 Build 156 04/24/2013 SJ Web Edition ;
; Revision Name                      ; music                                      ;
; Top-level Entity Name              ; Main_Project1                              ;
; Family                             ; Cyclone II                                 ;
; Device                             ; EP2C35F672C6                               ;
; Timing Models                      ; Final                                      ;
; Total logic elements               ; 7,420 / 33,216 ( 22 % )                    ;
;     Total combinational functions  ; 6,681 / 33,216 ( 20 % )                    ;
;     Dedicated logic registers      ; 1,849 / 33,216 ( 6 % )                     ;
; Total registers                    ; 1849                                       ;
; Total pins                         ; 22 / 475 ( 5 % )                           ;
; Total virtual pins                 ; 0                                          ;
; Total memory bits                  ; 0 / 483,840 ( 0 % )                        ;
; Embedded Multiplier 9-bit elements ; 0 / 70 ( 0 % )                             ;
; Total PLLs                         ; 1 / 4 ( 25 % )                             ;
+------------------------------------+--------------------------------------------+


+-----------------------------------------+
; Flow Settings                           ;
+-------------------+---------------------+
; Option            ; Setting             ;
+-------------------+---------------------+
; Start date & time ; 05/13/2018 17:22:05 ;
; Main task         ; Compilation         ;
; Revision Name     ; music               ;
+-------------------+---------------------+


+-----------------------------------------------------------------------------------------------------------------------+
; Flow Non-Default Global Settings                                                                                      ;
+-------------------------------------+--------------------------------+---------------+---------------+----------------+
; Assignment Name                     ; Value                          ; Default Value ; Entity Name   ; Section Id     ;
+-------------------------------------+--------------------------------+---------------+---------------+----------------+
; COMPILER_SIGNATURE_ID               ; 18005769103387.152622132402376 ; --            ; --            ; --             ;
; EDA_OUTPUT_DATA_FORMAT              ; Vhdl                           ; --            ; --            ; eda_simulation ;
; EDA_SIMULATION_TOOL                 ; ModelSim-Altera (VHDL)         ; <None>        ; --            ; --             ;
; MAX_CORE_JUNCTION_TEMP              ; 85                             ; --            ; --            ; --             ;
; MIN_CORE_JUNCTION_TEMP              ; 0                              ; --            ; --            ; --             ;
; PARTITION_COLOR                     ; 16764057                       ; --            ; Main_Project1 ; Top            ;
; PARTITION_FITTER_PRESERVATION_LEVEL ; PLACEMENT_AND_ROUTING          ; --            ; Main_Project1 ; Top            ;
; PARTITION_NETLIST_TYPE              ; SOURCE                         ; --            ; Main_Project1 ; Top            ;
; PROJECT_OUTPUT_DIRECTORY            ; output_files                   ; --            ; --            ; --             ;
; TOP_LEVEL_ENTITY                    ; Main_Project1                  ; music         ; --            ; --             ;
+-------------------------------------+--------------------------------+---------------+---------------+----------------+


+-------------------------------------------------------------------------------------------------------------------------------+
; Flow Elapsed Time                                                                                                             ;
+---------------------------+--------------+-------------------------+---------------------+------------------------------------+
; Module Name               ; Elapsed Time ; Average Processors Used ; Peak Virtual Memory ; Total CPU Time (on all processors) ;
+---------------------------+--------------+-------------------------+---------------------+------------------------------------+
; Analysis & Synthesis      ; 00:02:41     ; 1.0                     ; 431 MB              ; 00:02:41                           ;
; Fitter                    ; 00:02:55     ; 1.1                     ; 597 MB              ; 00:03:14                           ;
; Assembler                 ; 00:00:03     ; 1.0                     ; 369 MB              ; 00:00:03                           ;
; TimeQuest Timing Analyzer ; 00:00:06     ; 1.0                     ; 391 MB              ; 00:00:04                           ;
; EDA Netlist Writer        ; 00:00:07     ; 1.0                     ; 376 MB              ; 00:00:06                           ;
; Total                     ; 00:05:52     ; --                      ; --                  ; 00:06:08                           ;
+---------------------------+--------------+-------------------------+---------------------+------------------------------------+


+----------------------------------------------------------------------------------------+
; Flow OS Summary                                                                        ;
+---------------------------+------------------+-----------+------------+----------------+
; Module Name               ; Machine Hostname ; OS Name   ; OS Version ; Processor type ;
+---------------------------+------------------+-----------+------------+----------------+
; Analysis & Synthesis      ; 7102-07          ; Windows 7 ; 6.1        ; i686           ;
; Fitter                    ; 7102-07          ; Windows 7 ; 6.1        ; i686           ;
; Assembler                 ; 7102-07          ; Windows 7 ; 6.1        ; i686           ;
; TimeQuest Timing Analyzer ; 7102-07          ; Windows 7 ; 6.1        ; i686           ;
; EDA Netlist Writer        ; 7102-07          ; Windows 7 ; 6.1        ; i686           ;
+---------------------------+------------------+-----------+------------+----------------+


------------
; Flow Log ;
------------
quartus_map --read_settings_files=on --write_settings_files=off music -c music
quartus_fit --read_settings_files=off --write_settings_files=off music -c music
quartus_asm --read_settings_files=off --write_settings_files=off music -c music
quartus_sta music -c music
quartus_eda --read_settings_files=off --write_settings_files=off music -c music



